<?xml version="1.0" encoding="UTF-8"?>
<!-- Generated by org.testng.reporters.JUnitReportReporter -->
<testsuite hostname="raverma-WX-1" failures="0" tests="2" name="mytestNGClass.TestNGClass1" time="0.004" errors="0" timestamp="09 Aug 2018 08:40:17 GMT" skipped="0">
  <testcase classname="mytestNGClass.TestNGClass1" name="TestNGClass1_method1" time="0.003"/>
  <testcase classname="mytestNGClass.TestNGClass1" name="TestNGClass1_method2" time="0.001"/>
</testsuite> <!-- mytestNGClass.TestNGClass1 -->
