<?xml version="1.0" encoding="UTF-8"?>
<!-- Generated by org.testng.reporters.JUnitReportReporter -->
<testsuite hostname="raverma-WX-1" failures="0" tests="1" name="restAssuredPKG.RoughTestClass" time="0.005" errors="0" timestamp="09 Aug 2018 10:14:59 GMT" skipped="0">
  <testcase classname="restAssuredPKG.RoughTestClass" name="f" time="0.005"/>
</testsuite> <!-- restAssuredPKG.RoughTestClass -->
