<?xml version="1.0" encoding="UTF-8"?>
<!-- Generated by org.testng.reporters.JUnitReportReporter -->
<testsuite hostname="raverma-WX-1" failures="0" tests="1" name="restAssuredPKG.Get_SerializationAndDeserialization" time="2.354" errors="0" timestamp="09 Aug 2018 10:28:48 GMT" skipped="0">
  <testcase classname="restAssuredPKG.Get_SerializationAndDeserialization" name="method" time="2.354"/>
</testsuite> <!-- restAssuredPKG.Get_SerializationAndDeserialization -->
