<?xml version="1.0" encoding="UTF-8"?>
<!-- Generated by org.testng.reporters.JUnitReportReporter -->
<testsuite hostname="raverma-WX-1" failures="0" tests="1" name="restAssuredPKG.Post_SerializationAndDeserialization" time="2.083" errors="0" timestamp="19 Jul 2018 07:15:00 GMT" skipped="0">
  <testcase classname="restAssuredPKG.Post_SerializationAndDeserialization" name="method" time="2.083"/>
</testsuite> <!-- restAssuredPKG.Post_SerializationAndDeserialization -->
